<?xml version="1.0" encoding="UTF-8"?>
<!-- Generated by org.testng.reporters.JUnitReportReporter -->
<testsuite skipped="0" hostname="Vidya" name="in.aicpc.testscripts.Aicpcscript" tests="1" failures="0" timestamp="17 Aug 2017 10:50:16 GMT" time="38.371" errors="0">
  <testcase name="script" time="38.371" classname="in.aicpc.testscripts.Aicpcscript"/>
</testsuite> <!-- in.aicpc.testscripts.Aicpcscript -->
