<?xml version="1.0" encoding="UTF-8"?>
<!-- Generated by org.testng.reporters.JUnitReportReporter -->
<testsuite skipped="0" hostname="Vidya" name="in.aicpc.testscripts.AicpcScript1" tests="1" failures="0" timestamp="16 Aug 2017 12:12:47 GMT" time="49.777" errors="0">
  <testcase name="script1" time="49.777" classname="in.aicpc.testscripts.AicpcScript1"/>
</testsuite> <!-- in.aicpc.testscripts.AicpcScript1 -->
